<?xml version="1.0" encoding="UTF-8"?>
<testng-results skipped="0" failed="1" ignored="0" total="4" passed="3">
  <reporter-output>
  </reporter-output>
  <suite name="Default suite" duration-ms="23898" started-at="2020-02-05T22:09:46 IST" finished-at="2020-02-05T22:10:10 IST">
    <groups>
    </groups>
    <test name="Default test" duration-ms="23898" started-at="2020-02-05T22:09:46 IST" finished-at="2020-02-05T22:10:10 IST">
      <class name="Frmae3.HomepageTest">
        <test-method status="PASS" signature="IniliDriver()[pri:0, instance:Frmae3.HomepageTest@6b81ce95]" name="IniliDriver" is-config="true" duration-ms="9945" started-at="2020-02-05T22:09:46 IST" finished-at="2020-02-05T22:09:56 IST">
          <reporter-output>
          </reporter-output>
        </test-method> <!-- IniliDriver -->
        <test-method status="PASS" signature="Source()[pri:1, instance:Frmae3.HomepageTest@6b81ce95]" name="Source" duration-ms="3511" started-at="2020-02-05T22:09:56 IST" finished-at="2020-02-05T22:10:00 IST">
          <reporter-output>
          </reporter-output>
        </test-method> <!-- Source -->
        <test-method status="PASS" signature="Destination()[pri:2, instance:Frmae3.HomepageTest@6b81ce95]" name="Destination" duration-ms="2897" started-at="2020-02-05T22:10:00 IST" finished-at="2020-02-05T22:10:02 IST">
          <reporter-output>
          </reporter-output>
        </test-method> <!-- Destination -->
        <test-method status="FAIL" signature="MonthYear()[pri:3, instance:Frmae3.HomepageTest@6b81ce95]" name="MonthYear" duration-ms="7179" started-at="2020-02-05T22:10:02 IST" finished-at="2020-02-05T22:10:10 IST">
          <exception class="java.lang.IndexOutOfBoundsException">
            <message>
              <![CDATA[Index: 56, Size: 56]]>
            </message>
            <full-stacktrace>
              <![CDATA[java.lang.IndexOutOfBoundsException: Index: 56, Size: 56
at java.util.ArrayList.rangeCheck(ArrayList.java:657)
at java.util.ArrayList.get(ArrayList.java:433)
at sun.reflect.GeneratedMethodAccessor1.invoke(Unknown Source)
at sun.reflect.DelegatingMethodAccessorImpl.invoke(DelegatingMethodAccessorImpl.java:43)
at java.lang.reflect.Method.invoke(Method.java:498)
at org.openqa.selenium.support.pagefactory.internal.LocatingElementListHandler.invoke(LocatingElementListHandler.java:39)
at com.sun.proxy.$Proxy14.get(Unknown Source)
at Frmae3.HomepageTest.MonthYear(HomepageTest.java:86)
at sun.reflect.NativeMethodAccessorImpl.invoke0(Native Method)
at sun.reflect.NativeMethodAccessorImpl.invoke(NativeMethodAccessorImpl.java:62)
at sun.reflect.DelegatingMethodAccessorImpl.invoke(DelegatingMethodAccessorImpl.java:43)
at java.lang.reflect.Method.invoke(Method.java:498)
at org.testng.internal.MethodInvocationHelper.invokeMethod(MethodInvocationHelper.java:133)
at org.testng.internal.TestInvoker.invokeMethod(TestInvoker.java:584)
at org.testng.internal.TestInvoker.invokeTestMethod(TestInvoker.java:172)
at org.testng.internal.MethodRunner.runInSequence(MethodRunner.java:46)
at org.testng.internal.TestInvoker$MethodInvocationAgent.invoke(TestInvoker.java:804)
at org.testng.internal.TestInvoker.invokeTestMethods(TestInvoker.java:145)
at org.testng.internal.TestMethodWorker.invokeTestMethods(TestMethodWorker.java:146)
at org.testng.internal.TestMethodWorker.run(TestMethodWorker.java:128)
at java.util.ArrayList.forEach(ArrayList.java:1257)
at org.testng.TestRunner.privateRun(TestRunner.java:770)
at org.testng.TestRunner.run(TestRunner.java:591)
at org.testng.SuiteRunner.runTest(SuiteRunner.java:402)
at org.testng.SuiteRunner.runSequentially(SuiteRunner.java:396)
at org.testng.SuiteRunner.privateRun(SuiteRunner.java:355)
at org.testng.SuiteRunner.run(SuiteRunner.java:304)
at org.testng.SuiteRunnerWorker.runSuite(SuiteRunnerWorker.java:53)
at org.testng.SuiteRunnerWorker.run(SuiteRunnerWorker.java:96)
at org.testng.TestNG.runSuitesSequentially(TestNG.java:1180)
at org.testng.TestNG.runSuitesLocally(TestNG.java:1102)
at org.testng.TestNG.runSuites(TestNG.java:1032)
at org.testng.TestNG.run(TestNG.java:1000)
at org.testng.remote.AbstractRemoteTestNG.run(AbstractRemoteTestNG.java:115)
at org.testng.remote.RemoteTestNG.initAndRun(RemoteTestNG.java:251)
at org.testng.remote.RemoteTestNG.main(RemoteTestNG.java:77)
]]>
            </full-stacktrace>
          </exception> <!-- java.lang.IndexOutOfBoundsException -->
          <reporter-output>
          </reporter-output>
        </test-method> <!-- MonthYear -->
        <test-method status="PASS" signature="Passgenger()[pri:4, instance:Frmae3.HomepageTest@6b81ce95]" name="Passgenger" duration-ms="292" started-at="2020-02-05T22:10:10 IST" finished-at="2020-02-05T22:10:10 IST">
          <reporter-output>
          </reporter-output>
        </test-method> <!-- Passgenger -->
      </class> <!-- Frmae3.HomepageTest -->
    </test> <!-- Default test -->
  </suite> <!-- Default suite -->
</testng-results>
